<?xml version="1.0" encoding="UTF-8"?>
<testsuites>
  <testsuite name="/home/user/PDF-Viewer/theme/wp-theme/pdfviewer-theme/phpunit.xml" tests="198" assertions="640" errors="0" failures="0" skipped="0" time="0.112957">
    <testsuite name="Unit" tests="198" assertions="640" errors="0" failures="0" skipped="0" time="0.112957">
      <testsuite name="PDFViewer\Tests\Unit\IconFunctionTest" file="/home/user/PDF-Viewer/theme/wp-theme/pdfviewer-theme/tests/Unit/IconFunctionTest.php" tests="37" assertions="71" errors="0" failures="0" skipped="0" time="0.009185">
        <testcase name="testReturnsValidSvgForKnownIcon" file="/home/user/PDF-Viewer/theme/wp-theme/pdfviewer-theme/tests/Unit/IconFunctionTest.php" line="37" class="PDFViewer\Tests\Unit\IconFunctionTest" classname="PDFViewer.Tests.Unit.IconFunctionTest" assertions="4" time="0.004653"/>
        <testcase name="testReturnsEmptyStringForUnknownIcon" file="/home/user/PDF-Viewer/theme/wp-theme/pdfviewer-theme/tests/Unit/IconFunctionTest.php" line="50" class="PDFViewer\Tests\Unit\IconFunctionTest" classname="PDFViewer.Tests.Unit.IconFunctionTest" assertions="1" time="0.000507"/>
        <testcase name="testRespectsCustomSize" file="/home/user/PDF-Viewer/theme/wp-theme/pdfviewer-theme/tests/Unit/IconFunctionTest.php" line="60" class="PDFViewer\Tests\Unit\IconFunctionTest" classname="PDFViewer.Tests.Unit.IconFunctionTest" assertions="2" time="0.000096"/>
        <testcase name="testAddsCustomClass" file="/home/user/PDF-Viewer/theme/wp-theme/pdfviewer-theme/tests/Unit/IconFunctionTest.php" line="71" class="PDFViewer\Tests\Unit\IconFunctionTest" classname="PDFViewer.Tests.Unit.IconFunctionTest" assertions="1" time="0.000068"/>
        <testcase name="testHasAriaHiddenAttribute" file="/home/user/PDF-Viewer/theme/wp-theme/pdfviewer-theme/tests/Unit/IconFunctionTest.php" line="81" class="PDFViewer\Tests\Unit\IconFunctionTest" classname="PDFViewer.Tests.Unit.IconFunctionTest" assertions="1" time="0.000057"/>
        <testcase name="testHasViewBoxAttribute" file="/home/user/PDF-Viewer/theme/wp-theme/pdfviewer-theme/tests/Unit/IconFunctionTest.php" line="91" class="PDFViewer\Tests\Unit\IconFunctionTest" classname="PDFViewer.Tests.Unit.IconFunctionTest" assertions="1" time="0.000058"/>
        <testsuite name="PDFViewer\Tests\Unit\IconFunctionTest::testAllRegisteredIconsAreValid" tests="29" assertions="58" errors="0" failures="0" skipped="0" time="0.003609">
          <testcase name="testAllRegisteredIconsAreValid with data set #0" file="/home/user/PDF-Viewer/theme/wp-theme/pdfviewer-theme/tests/Unit/IconFunctionTest.php" line="103" class="PDFViewer\Tests\Unit\IconFunctionTest" classname="PDFViewer.Tests.Unit.IconFunctionTest" assertions="2" time="0.001073"/>
          <testcase name="testAllRegisteredIconsAreValid with data set #1" file="/home/user/PDF-Viewer/theme/wp-theme/pdfviewer-theme/tests/Unit/IconFunctionTest.php" line="103" class="PDFViewer\Tests\Unit\IconFunctionTest" classname="PDFViewer.Tests.Unit.IconFunctionTest" assertions="2" time="0.000120"/>
          <testcase name="testAllRegisteredIconsAreValid with data set #2" file="/home/user/PDF-Viewer/theme/wp-theme/pdfviewer-theme/tests/Unit/IconFunctionTest.php" line="103" class="PDFViewer\Tests\Unit\IconFunctionTest" classname="PDFViewer.Tests.Unit.IconFunctionTest" assertions="2" time="0.000090"/>
          <testcase name="testAllRegisteredIconsAreValid with data set #3" file="/home/user/PDF-Viewer/theme/wp-theme/pdfviewer-theme/tests/Unit/IconFunctionTest.php" line="103" class="PDFViewer\Tests\Unit\IconFunctionTest" classname="PDFViewer.Tests.Unit.IconFunctionTest" assertions="2" time="0.000083"/>
          <testcase name="testAllRegisteredIconsAreValid with data set #4" file="/home/user/PDF-Viewer/theme/wp-theme/pdfviewer-theme/tests/Unit/IconFunctionTest.php" line="103" class="PDFViewer\Tests\Unit\IconFunctionTest" classname="PDFViewer.Tests.Unit.IconFunctionTest" assertions="2" time="0.000080"/>
          <testcase name="testAllRegisteredIconsAreValid with data set #5" file="/home/user/PDF-Viewer/theme/wp-theme/pdfviewer-theme/tests/Unit/IconFunctionTest.php" line="103" class="PDFViewer\Tests\Unit\IconFunctionTest" classname="PDFViewer.Tests.Unit.IconFunctionTest" assertions="2" time="0.000079"/>
          <testcase name="testAllRegisteredIconsAreValid with data set #6" file="/home/user/PDF-Viewer/theme/wp-theme/pdfviewer-theme/tests/Unit/IconFunctionTest.php" line="103" class="PDFViewer\Tests\Unit\IconFunctionTest" classname="PDFViewer.Tests.Unit.IconFunctionTest" assertions="2" time="0.000084"/>
          <testcase name="testAllRegisteredIconsAreValid with data set #7" file="/home/user/PDF-Viewer/theme/wp-theme/pdfviewer-theme/tests/Unit/IconFunctionTest.php" line="103" class="PDFViewer\Tests\Unit\IconFunctionTest" classname="PDFViewer.Tests.Unit.IconFunctionTest" assertions="2" time="0.000080"/>
          <testcase name="testAllRegisteredIconsAreValid with data set #8" file="/home/user/PDF-Viewer/theme/wp-theme/pdfviewer-theme/tests/Unit/IconFunctionTest.php" line="103" class="PDFViewer\Tests\Unit\IconFunctionTest" classname="PDFViewer.Tests.Unit.IconFunctionTest" assertions="2" time="0.000169"/>
          <testcase name="testAllRegisteredIconsAreValid with data set #9" file="/home/user/PDF-Viewer/theme/wp-theme/pdfviewer-theme/tests/Unit/IconFunctionTest.php" line="103" class="PDFViewer\Tests\Unit\IconFunctionTest" classname="PDFViewer.Tests.Unit.IconFunctionTest" assertions="2" time="0.000096"/>
          <testcase name="testAllRegisteredIconsAreValid with data set #10" file="/home/user/PDF-Viewer/theme/wp-theme/pdfviewer-theme/tests/Unit/IconFunctionTest.php" line="103" class="PDFViewer\Tests\Unit\IconFunctionTest" classname="PDFViewer.Tests.Unit.IconFunctionTest" assertions="2" time="0.000094"/>
          <testcase name="testAllRegisteredIconsAreValid with data set #11" file="/home/user/PDF-Viewer/theme/wp-theme/pdfviewer-theme/tests/Unit/IconFunctionTest.php" line="103" class="PDFViewer\Tests\Unit\IconFunctionTest" classname="PDFViewer.Tests.Unit.IconFunctionTest" assertions="2" time="0.000080"/>
          <testcase name="testAllRegisteredIconsAreValid with data set #12" file="/home/user/PDF-Viewer/theme/wp-theme/pdfviewer-theme/tests/Unit/IconFunctionTest.php" line="103" class="PDFViewer\Tests\Unit\IconFunctionTest" classname="PDFViewer.Tests.Unit.IconFunctionTest" assertions="2" time="0.000080"/>
          <testcase name="testAllRegisteredIconsAreValid with data set #13" file="/home/user/PDF-Viewer/theme/wp-theme/pdfviewer-theme/tests/Unit/IconFunctionTest.php" line="103" class="PDFViewer\Tests\Unit\IconFunctionTest" classname="PDFViewer.Tests.Unit.IconFunctionTest" assertions="2" time="0.000080"/>
          <testcase name="testAllRegisteredIconsAreValid with data set #14" file="/home/user/PDF-Viewer/theme/wp-theme/pdfviewer-theme/tests/Unit/IconFunctionTest.php" line="103" class="PDFViewer\Tests\Unit\IconFunctionTest" classname="PDFViewer.Tests.Unit.IconFunctionTest" assertions="2" time="0.000080"/>
          <testcase name="testAllRegisteredIconsAreValid with data set #15" file="/home/user/PDF-Viewer/theme/wp-theme/pdfviewer-theme/tests/Unit/IconFunctionTest.php" line="103" class="PDFViewer\Tests\Unit\IconFunctionTest" classname="PDFViewer.Tests.Unit.IconFunctionTest" assertions="2" time="0.000083"/>
          <testcase name="testAllRegisteredIconsAreValid with data set #16" file="/home/user/PDF-Viewer/theme/wp-theme/pdfviewer-theme/tests/Unit/IconFunctionTest.php" line="103" class="PDFViewer\Tests\Unit\IconFunctionTest" classname="PDFViewer.Tests.Unit.IconFunctionTest" assertions="2" time="0.000079"/>
          <testcase name="testAllRegisteredIconsAreValid with data set #17" file="/home/user/PDF-Viewer/theme/wp-theme/pdfviewer-theme/tests/Unit/IconFunctionTest.php" line="103" class="PDFViewer\Tests\Unit\IconFunctionTest" classname="PDFViewer.Tests.Unit.IconFunctionTest" assertions="2" time="0.000128"/>
          <testcase name="testAllRegisteredIconsAreValid with data set #18" file="/home/user/PDF-Viewer/theme/wp-theme/pdfviewer-theme/tests/Unit/IconFunctionTest.php" line="103" class="PDFViewer\Tests\Unit\IconFunctionTest" classname="PDFViewer.Tests.Unit.IconFunctionTest" assertions="2" time="0.000084"/>
          <testcase name="testAllRegisteredIconsAreValid with data set #19" file="/home/user/PDF-Viewer/theme/wp-theme/pdfviewer-theme/tests/Unit/IconFunctionTest.php" line="103" class="PDFViewer\Tests\Unit\IconFunctionTest" classname="PDFViewer.Tests.Unit.IconFunctionTest" assertions="2" time="0.000091"/>
          <testcase name="testAllRegisteredIconsAreValid with data set #20" file="/home/user/PDF-Viewer/theme/wp-theme/pdfviewer-theme/tests/Unit/IconFunctionTest.php" line="103" class="PDFViewer\Tests\Unit\IconFunctionTest" classname="PDFViewer.Tests.Unit.IconFunctionTest" assertions="2" time="0.000081"/>
          <testcase name="testAllRegisteredIconsAreValid with data set #21" file="/home/user/PDF-Viewer/theme/wp-theme/pdfviewer-theme/tests/Unit/IconFunctionTest.php" line="103" class="PDFViewer\Tests\Unit\IconFunctionTest" classname="PDFViewer.Tests.Unit.IconFunctionTest" assertions="2" time="0.000080"/>
          <testcase name="testAllRegisteredIconsAreValid with data set #22" file="/home/user/PDF-Viewer/theme/wp-theme/pdfviewer-theme/tests/Unit/IconFunctionTest.php" line="103" class="PDFViewer\Tests\Unit\IconFunctionTest" classname="PDFViewer.Tests.Unit.IconFunctionTest" assertions="2" time="0.000082"/>
          <testcase name="testAllRegisteredIconsAreValid with data set #23" file="/home/user/PDF-Viewer/theme/wp-theme/pdfviewer-theme/tests/Unit/IconFunctionTest.php" line="103" class="PDFViewer\Tests\Unit\IconFunctionTest" classname="PDFViewer.Tests.Unit.IconFunctionTest" assertions="2" time="0.000079"/>
          <testcase name="testAllRegisteredIconsAreValid with data set #24" file="/home/user/PDF-Viewer/theme/wp-theme/pdfviewer-theme/tests/Unit/IconFunctionTest.php" line="103" class="PDFViewer\Tests\Unit\IconFunctionTest" classname="PDFViewer.Tests.Unit.IconFunctionTest" assertions="2" time="0.000083"/>
          <testcase name="testAllRegisteredIconsAreValid with data set #25" file="/home/user/PDF-Viewer/theme/wp-theme/pdfviewer-theme/tests/Unit/IconFunctionTest.php" line="103" class="PDFViewer\Tests\Unit\IconFunctionTest" classname="PDFViewer.Tests.Unit.IconFunctionTest" assertions="2" time="0.000079"/>
          <testcase name="testAllRegisteredIconsAreValid with data set #26" file="/home/user/PDF-Viewer/theme/wp-theme/pdfviewer-theme/tests/Unit/IconFunctionTest.php" line="103" class="PDFViewer\Tests\Unit\IconFunctionTest" classname="PDFViewer.Tests.Unit.IconFunctionTest" assertions="2" time="0.000122"/>
          <testcase name="testAllRegisteredIconsAreValid with data set #27" file="/home/user/PDF-Viewer/theme/wp-theme/pdfviewer-theme/tests/Unit/IconFunctionTest.php" line="103" class="PDFViewer\Tests\Unit\IconFunctionTest" classname="PDFViewer.Tests.Unit.IconFunctionTest" assertions="2" time="0.000084"/>
          <testcase name="testAllRegisteredIconsAreValid with data set #28" file="/home/user/PDF-Viewer/theme/wp-theme/pdfviewer-theme/tests/Unit/IconFunctionTest.php" line="103" class="PDFViewer\Tests\Unit\IconFunctionTest" classname="PDFViewer.Tests.Unit.IconFunctionTest" assertions="2" time="0.000087"/>
        </testsuite>
        <testcase name="testHandlesZeroSize" file="/home/user/PDF-Viewer/theme/wp-theme/pdfviewer-theme/tests/Unit/IconFunctionTest.php" line="152" class="PDFViewer\Tests\Unit\IconFunctionTest" classname="PDFViewer.Tests.Unit.IconFunctionTest" assertions="2" time="0.000065"/>
        <testcase name="testEscapesClassAttribute" file="/home/user/PDF-Viewer/theme/wp-theme/pdfviewer-theme/tests/Unit/IconFunctionTest.php" line="163" class="PDFViewer\Tests\Unit\IconFunctionTest" classname="PDFViewer.Tests.Unit.IconFunctionTest" assertions="1" time="0.000072"/>
      </testsuite>
      <testsuite name="PDFViewer\Tests\Unit\PictureFunctionTest" file="/home/user/PDF-Viewer/theme/wp-theme/pdfviewer-theme/tests/Unit/PictureFunctionTest.php" tests="12" assertions="19" errors="0" failures="0" skipped="0" time="0.000819">
        <testcase name="testReturnsValidPictureElement" file="/home/user/PDF-Viewer/theme/wp-theme/pdfviewer-theme/tests/Unit/PictureFunctionTest.php" line="52" class="PDFViewer\Tests\Unit\PictureFunctionTest" classname="PDFViewer.Tests.Unit.PictureFunctionTest" assertions="3" time="0.000098"/>
        <testcase name="testIncludesWebpSource" file="/home/user/PDF-Viewer/theme/wp-theme/pdfviewer-theme/tests/Unit/PictureFunctionTest.php" line="70" class="PDFViewer\Tests\Unit\PictureFunctionTest" classname="PDFViewer.Tests.Unit.PictureFunctionTest" assertions="2" time="0.000069"/>
        <testcase name="testIncludesAltAttribute" file="/home/user/PDF-Viewer/theme/wp-theme/pdfviewer-theme/tests/Unit/PictureFunctionTest.php" line="85" class="PDFViewer\Tests\Unit\PictureFunctionTest" classname="PDFViewer.Tests.Unit.PictureFunctionTest" assertions="1" time="0.000056"/>
        <testcase name="testIncludesWidthAndHeight" file="/home/user/PDF-Viewer/theme/wp-theme/pdfviewer-theme/tests/Unit/PictureFunctionTest.php" line="98" class="PDFViewer\Tests\Unit\PictureFunctionTest" classname="PDFViewer.Tests.Unit.PictureFunctionTest" assertions="2" time="0.000103"/>
        <testcase name="testLazyLoadingEnabledByDefault" file="/home/user/PDF-Viewer/theme/wp-theme/pdfviewer-theme/tests/Unit/PictureFunctionTest.php" line="114" class="PDFViewer\Tests\Unit\PictureFunctionTest" classname="PDFViewer.Tests.Unit.PictureFunctionTest" assertions="2" time="0.000067"/>
        <testcase name="testEagerLoadingWhenLazyFalse" file="/home/user/PDF-Viewer/theme/wp-theme/pdfviewer-theme/tests/Unit/PictureFunctionTest.php" line="128" class="PDFViewer\Tests\Unit\PictureFunctionTest" classname="PDFViewer.Tests.Unit.PictureFunctionTest" assertions="2" time="0.000064"/>
        <testcase name="testCustomClassAdded" file="/home/user/PDF-Viewer/theme/wp-theme/pdfviewer-theme/tests/Unit/PictureFunctionTest.php" line="143" class="PDFViewer\Tests\Unit\PictureFunctionTest" classname="PDFViewer.Tests.Unit.PictureFunctionTest" assertions="1" time="0.000066"/>
        <testcase name="testTitleAttributeAdded" file="/home/user/PDF-Viewer/theme/wp-theme/pdfviewer-theme/tests/Unit/PictureFunctionTest.php" line="157" class="PDFViewer\Tests\Unit\PictureFunctionTest" classname="PDFViewer.Tests.Unit.PictureFunctionTest" assertions="1" time="0.000056"/>
        <testcase name="testAriaLabelAdded" file="/home/user/PDF-Viewer/theme/wp-theme/pdfviewer-theme/tests/Unit/PictureFunctionTest.php" line="171" class="PDFViewer\Tests\Unit\PictureFunctionTest" classname="PDFViewer.Tests.Unit.PictureFunctionTest" assertions="1" time="0.000056"/>
        <testcase name="testXssProtectionInAlt" file="/home/user/PDF-Viewer/theme/wp-theme/pdfviewer-theme/tests/Unit/PictureFunctionTest.php" line="185" class="PDFViewer\Tests\Unit\PictureFunctionTest" classname="PDFViewer.Tests.Unit.PictureFunctionTest" assertions="1" time="0.000066"/>
        <testcase name="testHandlesMissingWebpSource" file="/home/user/PDF-Viewer/theme/wp-theme/pdfviewer-theme/tests/Unit/PictureFunctionTest.php" line="198" class="PDFViewer\Tests\Unit\PictureFunctionTest" classname="PDFViewer.Tests.Unit.PictureFunctionTest" assertions="2" time="0.000063"/>
        <testcase name="testSizesAttributeAdded" file="/home/user/PDF-Viewer/theme/wp-theme/pdfviewer-theme/tests/Unit/PictureFunctionTest.php" line="212" class="PDFViewer\Tests\Unit\PictureFunctionTest" classname="PDFViewer.Tests.Unit.PictureFunctionTest" assertions="1" time="0.000056"/>
      </testsuite>
      <testsuite name="PDFViewer\Tests\Unit\SocialMetaTest" file="/home/user/PDF-Viewer/theme/wp-theme/pdfviewer-theme/tests/Unit/SocialMetaTest.php" tests="140" assertions="532" errors="0" failures="0" skipped="0" time="0.102178">
        <testsuite name="PDFViewer\Tests\Unit\SocialMetaTest::testPageExistsInSeoConfig" tests="12" assertions="12" errors="0" failures="0" skipped="0" time="0.003269">
          <testcase name="testPageExistsInSeoConfig with data set &quot;homepage&quot;" file="/home/user/PDF-Viewer/theme/wp-theme/pdfviewer-theme/tests/Unit/SocialMetaTest.php" line="58" class="PDFViewer\Tests\Unit\SocialMetaTest" classname="PDFViewer.Tests.Unit.SocialMetaTest" assertions="1" time="0.000623"/>
          <testcase name="testPageExistsInSeoConfig with data set &quot;documentation&quot;" file="/home/user/PDF-Viewer/theme/wp-theme/pdfviewer-theme/tests/Unit/SocialMetaTest.php" line="58" class="PDFViewer\Tests\Unit\SocialMetaTest" classname="PDFViewer.Tests.Unit.SocialMetaTest" assertions="1" time="0.000240"/>
          <testcase name="testPageExistsInSeoConfig with data set &quot;examples&quot;" file="/home/user/PDF-Viewer/theme/wp-theme/pdfviewer-theme/tests/Unit/SocialMetaTest.php" line="58" class="PDFViewer\Tests\Unit\SocialMetaTest" classname="PDFViewer.Tests.Unit.SocialMetaTest" assertions="1" time="0.000290"/>
          <testcase name="testPageExistsInSeoConfig with data set &quot;pro&quot;" file="/home/user/PDF-Viewer/theme/wp-theme/pdfviewer-theme/tests/Unit/SocialMetaTest.php" line="58" class="PDFViewer\Tests\Unit\SocialMetaTest" classname="PDFViewer.Tests.Unit.SocialMetaTest" assertions="1" time="0.000242"/>
          <testcase name="testPageExistsInSeoConfig with data set &quot;changelog&quot;" file="/home/user/PDF-Viewer/theme/wp-theme/pdfviewer-theme/tests/Unit/SocialMetaTest.php" line="58" class="PDFViewer\Tests\Unit\SocialMetaTest" classname="PDFViewer.Tests.Unit.SocialMetaTest" assertions="1" time="0.000241"/>
          <testcase name="testPageExistsInSeoConfig with data set &quot;cart&quot;" file="/home/user/PDF-Viewer/theme/wp-theme/pdfviewer-theme/tests/Unit/SocialMetaTest.php" line="58" class="PDFViewer\Tests\Unit\SocialMetaTest" classname="PDFViewer.Tests.Unit.SocialMetaTest" assertions="1" time="0.000269"/>
          <testcase name="testPageExistsInSeoConfig with data set &quot;wordpress-pdf&quot;" file="/home/user/PDF-Viewer/theme/wp-theme/pdfviewer-theme/tests/Unit/SocialMetaTest.php" line="58" class="PDFViewer\Tests\Unit\SocialMetaTest" classname="PDFViewer.Tests.Unit.SocialMetaTest" assertions="1" time="0.000235"/>
          <testcase name="testPageExistsInSeoConfig with data set &quot;drupal-pdf&quot;" file="/home/user/PDF-Viewer/theme/wp-theme/pdfviewer-theme/tests/Unit/SocialMetaTest.php" line="58" class="PDFViewer\Tests\Unit\SocialMetaTest" classname="PDFViewer.Tests.Unit.SocialMetaTest" assertions="1" time="0.000218"/>
          <testcase name="testPageExistsInSeoConfig with data set &quot;compare&quot;" file="/home/user/PDF-Viewer/theme/wp-theme/pdfviewer-theme/tests/Unit/SocialMetaTest.php" line="58" class="PDFViewer\Tests\Unit\SocialMetaTest" classname="PDFViewer.Tests.Unit.SocialMetaTest" assertions="1" time="0.000214"/>
          <testcase name="testPageExistsInSeoConfig with data set &quot;nextjs-pdf&quot;" file="/home/user/PDF-Viewer/theme/wp-theme/pdfviewer-theme/tests/Unit/SocialMetaTest.php" line="58" class="PDFViewer\Tests\Unit\SocialMetaTest" classname="PDFViewer.Tests.Unit.SocialMetaTest" assertions="1" time="0.000250"/>
          <testcase name="testPageExistsInSeoConfig with data set &quot;pdf-grid&quot;" file="/home/user/PDF-Viewer/theme/wp-theme/pdfviewer-theme/tests/Unit/SocialMetaTest.php" line="58" class="PDFViewer\Tests\Unit\SocialMetaTest" classname="PDFViewer.Tests.Unit.SocialMetaTest" assertions="1" time="0.000233"/>
          <testcase name="testPageExistsInSeoConfig with data set &quot;enterprise&quot;" file="/home/user/PDF-Viewer/theme/wp-theme/pdfviewer-theme/tests/Unit/SocialMetaTest.php" line="58" class="PDFViewer\Tests\Unit\SocialMetaTest" classname="PDFViewer.Tests.Unit.SocialMetaTest" assertions="1" time="0.000214"/>
        </testsuite>
        <testsuite name="PDFViewer\Tests\Unit\SocialMetaTest::testPageHasAllRequiredMetaFields" tests="12" assertions="168" errors="0" failures="0" skipped="0" time="0.003320">
          <testcase name="testPageHasAllRequiredMetaFields with data set &quot;homepage&quot;" file="/home/user/PDF-Viewer/theme/wp-theme/pdfviewer-theme/tests/Unit/SocialMetaTest.php" line="80" class="PDFViewer\Tests\Unit\SocialMetaTest" classname="PDFViewer.Tests.Unit.SocialMetaTest" assertions="14" time="0.000277"/>
          <testcase name="testPageHasAllRequiredMetaFields with data set &quot;documentation&quot;" file="/home/user/PDF-Viewer/theme/wp-theme/pdfviewer-theme/tests/Unit/SocialMetaTest.php" line="80" class="PDFViewer\Tests\Unit\SocialMetaTest" classname="PDFViewer.Tests.Unit.SocialMetaTest" assertions="14" time="0.000367"/>
          <testcase name="testPageHasAllRequiredMetaFields with data set &quot;examples&quot;" file="/home/user/PDF-Viewer/theme/wp-theme/pdfviewer-theme/tests/Unit/SocialMetaTest.php" line="80" class="PDFViewer\Tests\Unit\SocialMetaTest" classname="PDFViewer.Tests.Unit.SocialMetaTest" assertions="14" time="0.000263"/>
          <testcase name="testPageHasAllRequiredMetaFields with data set &quot;pro&quot;" file="/home/user/PDF-Viewer/theme/wp-theme/pdfviewer-theme/tests/Unit/SocialMetaTest.php" line="80" class="PDFViewer\Tests\Unit\SocialMetaTest" classname="PDFViewer.Tests.Unit.SocialMetaTest" assertions="14" time="0.000251"/>
          <testcase name="testPageHasAllRequiredMetaFields with data set &quot;changelog&quot;" file="/home/user/PDF-Viewer/theme/wp-theme/pdfviewer-theme/tests/Unit/SocialMetaTest.php" line="80" class="PDFViewer\Tests\Unit\SocialMetaTest" classname="PDFViewer.Tests.Unit.SocialMetaTest" assertions="14" time="0.000301"/>
          <testcase name="testPageHasAllRequiredMetaFields with data set &quot;cart&quot;" file="/home/user/PDF-Viewer/theme/wp-theme/pdfviewer-theme/tests/Unit/SocialMetaTest.php" line="80" class="PDFViewer\Tests\Unit\SocialMetaTest" classname="PDFViewer.Tests.Unit.SocialMetaTest" assertions="14" time="0.000262"/>
          <testcase name="testPageHasAllRequiredMetaFields with data set &quot;wordpress-pdf&quot;" file="/home/user/PDF-Viewer/theme/wp-theme/pdfviewer-theme/tests/Unit/SocialMetaTest.php" line="80" class="PDFViewer\Tests\Unit\SocialMetaTest" classname="PDFViewer.Tests.Unit.SocialMetaTest" assertions="14" time="0.000253"/>
          <testcase name="testPageHasAllRequiredMetaFields with data set &quot;drupal-pdf&quot;" file="/home/user/PDF-Viewer/theme/wp-theme/pdfviewer-theme/tests/Unit/SocialMetaTest.php" line="80" class="PDFViewer\Tests\Unit\SocialMetaTest" classname="PDFViewer.Tests.Unit.SocialMetaTest" assertions="14" time="0.000284"/>
          <testcase name="testPageHasAllRequiredMetaFields with data set &quot;compare&quot;" file="/home/user/PDF-Viewer/theme/wp-theme/pdfviewer-theme/tests/Unit/SocialMetaTest.php" line="80" class="PDFViewer\Tests\Unit\SocialMetaTest" classname="PDFViewer.Tests.Unit.SocialMetaTest" assertions="14" time="0.000260"/>
          <testcase name="testPageHasAllRequiredMetaFields with data set &quot;nextjs-pdf&quot;" file="/home/user/PDF-Viewer/theme/wp-theme/pdfviewer-theme/tests/Unit/SocialMetaTest.php" line="80" class="PDFViewer\Tests\Unit\SocialMetaTest" classname="PDFViewer.Tests.Unit.SocialMetaTest" assertions="14" time="0.000251"/>
          <testcase name="testPageHasAllRequiredMetaFields with data set &quot;pdf-grid&quot;" file="/home/user/PDF-Viewer/theme/wp-theme/pdfviewer-theme/tests/Unit/SocialMetaTest.php" line="80" class="PDFViewer\Tests\Unit\SocialMetaTest" classname="PDFViewer.Tests.Unit.SocialMetaTest" assertions="14" time="0.000246"/>
          <testcase name="testPageHasAllRequiredMetaFields with data set &quot;enterprise&quot;" file="/home/user/PDF-Viewer/theme/wp-theme/pdfviewer-theme/tests/Unit/SocialMetaTest.php" line="80" class="PDFViewer\Tests\Unit\SocialMetaTest" classname="PDFViewer.Tests.Unit.SocialMetaTest" assertions="14" time="0.000305"/>
        </testsuite>
        <testsuite name="PDFViewer\Tests\Unit\SocialMetaTest::testOgTitleLength" tests="12" assertions="36" errors="0" failures="0" skipped="0" time="0.002945">
          <testcase name="testOgTitleLength with data set &quot;homepage&quot;" file="/home/user/PDF-Viewer/theme/wp-theme/pdfviewer-theme/tests/Unit/SocialMetaTest.php" line="97" class="PDFViewer\Tests\Unit\SocialMetaTest" classname="PDFViewer.Tests.Unit.SocialMetaTest" assertions="3" time="0.001845"/>
          <testcase name="testOgTitleLength with data set &quot;documentation&quot;" file="/home/user/PDF-Viewer/theme/wp-theme/pdfviewer-theme/tests/Unit/SocialMetaTest.php" line="97" class="PDFViewer\Tests\Unit\SocialMetaTest" classname="PDFViewer.Tests.Unit.SocialMetaTest" assertions="3" time="0.000123"/>
          <testcase name="testOgTitleLength with data set &quot;examples&quot;" file="/home/user/PDF-Viewer/theme/wp-theme/pdfviewer-theme/tests/Unit/SocialMetaTest.php" line="97" class="PDFViewer\Tests\Unit\SocialMetaTest" classname="PDFViewer.Tests.Unit.SocialMetaTest" assertions="3" time="0.000097"/>
          <testcase name="testOgTitleLength with data set &quot;pro&quot;" file="/home/user/PDF-Viewer/theme/wp-theme/pdfviewer-theme/tests/Unit/SocialMetaTest.php" line="97" class="PDFViewer\Tests\Unit\SocialMetaTest" classname="PDFViewer.Tests.Unit.SocialMetaTest" assertions="3" time="0.000085"/>
          <testcase name="testOgTitleLength with data set &quot;changelog&quot;" file="/home/user/PDF-Viewer/theme/wp-theme/pdfviewer-theme/tests/Unit/SocialMetaTest.php" line="97" class="PDFViewer\Tests\Unit\SocialMetaTest" classname="PDFViewer.Tests.Unit.SocialMetaTest" assertions="3" time="0.000086"/>
          <testcase name="testOgTitleLength with data set &quot;cart&quot;" file="/home/user/PDF-Viewer/theme/wp-theme/pdfviewer-theme/tests/Unit/SocialMetaTest.php" line="97" class="PDFViewer\Tests\Unit\SocialMetaTest" classname="PDFViewer.Tests.Unit.SocialMetaTest" assertions="3" time="0.000086"/>
          <testcase name="testOgTitleLength with data set &quot;wordpress-pdf&quot;" file="/home/user/PDF-Viewer/theme/wp-theme/pdfviewer-theme/tests/Unit/SocialMetaTest.php" line="97" class="PDFViewer\Tests\Unit\SocialMetaTest" classname="PDFViewer.Tests.Unit.SocialMetaTest" assertions="3" time="0.000083"/>
          <testcase name="testOgTitleLength with data set &quot;drupal-pdf&quot;" file="/home/user/PDF-Viewer/theme/wp-theme/pdfviewer-theme/tests/Unit/SocialMetaTest.php" line="97" class="PDFViewer\Tests\Unit\SocialMetaTest" classname="PDFViewer.Tests.Unit.SocialMetaTest" assertions="3" time="0.000085"/>
          <testcase name="testOgTitleLength with data set &quot;compare&quot;" file="/home/user/PDF-Viewer/theme/wp-theme/pdfviewer-theme/tests/Unit/SocialMetaTest.php" line="97" class="PDFViewer\Tests\Unit\SocialMetaTest" classname="PDFViewer.Tests.Unit.SocialMetaTest" assertions="3" time="0.000129"/>
          <testcase name="testOgTitleLength with data set &quot;nextjs-pdf&quot;" file="/home/user/PDF-Viewer/theme/wp-theme/pdfviewer-theme/tests/Unit/SocialMetaTest.php" line="97" class="PDFViewer\Tests\Unit\SocialMetaTest" classname="PDFViewer.Tests.Unit.SocialMetaTest" assertions="3" time="0.000143"/>
          <testcase name="testOgTitleLength with data set &quot;pdf-grid&quot;" file="/home/user/PDF-Viewer/theme/wp-theme/pdfviewer-theme/tests/Unit/SocialMetaTest.php" line="97" class="PDFViewer\Tests\Unit\SocialMetaTest" classname="PDFViewer.Tests.Unit.SocialMetaTest" assertions="3" time="0.000098"/>
          <testcase name="testOgTitleLength with data set &quot;enterprise&quot;" file="/home/user/PDF-Viewer/theme/wp-theme/pdfviewer-theme/tests/Unit/SocialMetaTest.php" line="97" class="PDFViewer\Tests\Unit\SocialMetaTest" classname="PDFViewer.Tests.Unit.SocialMetaTest" assertions="3" time="0.000086"/>
        </testsuite>
        <testsuite name="PDFViewer\Tests\Unit\SocialMetaTest::testOgDescriptionLength" tests="12" assertions="36" errors="0" failures="0" skipped="0" time="0.001085">
          <testcase name="testOgDescriptionLength with data set &quot;homepage&quot;" file="/home/user/PDF-Viewer/theme/wp-theme/pdfviewer-theme/tests/Unit/SocialMetaTest.php" line="113" class="PDFViewer\Tests\Unit\SocialMetaTest" classname="PDFViewer.Tests.Unit.SocialMetaTest" assertions="3" time="0.000096"/>
          <testcase name="testOgDescriptionLength with data set &quot;documentation&quot;" file="/home/user/PDF-Viewer/theme/wp-theme/pdfviewer-theme/tests/Unit/SocialMetaTest.php" line="113" class="PDFViewer\Tests\Unit\SocialMetaTest" classname="PDFViewer.Tests.Unit.SocialMetaTest" assertions="3" time="0.000084"/>
          <testcase name="testOgDescriptionLength with data set &quot;examples&quot;" file="/home/user/PDF-Viewer/theme/wp-theme/pdfviewer-theme/tests/Unit/SocialMetaTest.php" line="113" class="PDFViewer\Tests\Unit\SocialMetaTest" classname="PDFViewer.Tests.Unit.SocialMetaTest" assertions="3" time="0.000087"/>
          <testcase name="testOgDescriptionLength with data set &quot;pro&quot;" file="/home/user/PDF-Viewer/theme/wp-theme/pdfviewer-theme/tests/Unit/SocialMetaTest.php" line="113" class="PDFViewer\Tests\Unit\SocialMetaTest" classname="PDFViewer.Tests.Unit.SocialMetaTest" assertions="3" time="0.000120"/>
          <testcase name="testOgDescriptionLength with data set &quot;changelog&quot;" file="/home/user/PDF-Viewer/theme/wp-theme/pdfviewer-theme/tests/Unit/SocialMetaTest.php" line="113" class="PDFViewer\Tests\Unit\SocialMetaTest" classname="PDFViewer.Tests.Unit.SocialMetaTest" assertions="3" time="0.000095"/>
          <testcase name="testOgDescriptionLength with data set &quot;cart&quot;" file="/home/user/PDF-Viewer/theme/wp-theme/pdfviewer-theme/tests/Unit/SocialMetaTest.php" line="113" class="PDFViewer\Tests\Unit\SocialMetaTest" classname="PDFViewer.Tests.Unit.SocialMetaTest" assertions="3" time="0.000095"/>
          <testcase name="testOgDescriptionLength with data set &quot;wordpress-pdf&quot;" file="/home/user/PDF-Viewer/theme/wp-theme/pdfviewer-theme/tests/Unit/SocialMetaTest.php" line="113" class="PDFViewer\Tests\Unit\SocialMetaTest" classname="PDFViewer.Tests.Unit.SocialMetaTest" assertions="3" time="0.000085"/>
          <testcase name="testOgDescriptionLength with data set &quot;drupal-pdf&quot;" file="/home/user/PDF-Viewer/theme/wp-theme/pdfviewer-theme/tests/Unit/SocialMetaTest.php" line="113" class="PDFViewer\Tests\Unit\SocialMetaTest" classname="PDFViewer.Tests.Unit.SocialMetaTest" assertions="3" time="0.000087"/>
          <testcase name="testOgDescriptionLength with data set &quot;compare&quot;" file="/home/user/PDF-Viewer/theme/wp-theme/pdfviewer-theme/tests/Unit/SocialMetaTest.php" line="113" class="PDFViewer\Tests\Unit\SocialMetaTest" classname="PDFViewer.Tests.Unit.SocialMetaTest" assertions="3" time="0.000083"/>
          <testcase name="testOgDescriptionLength with data set &quot;nextjs-pdf&quot;" file="/home/user/PDF-Viewer/theme/wp-theme/pdfviewer-theme/tests/Unit/SocialMetaTest.php" line="113" class="PDFViewer\Tests\Unit\SocialMetaTest" classname="PDFViewer.Tests.Unit.SocialMetaTest" assertions="3" time="0.000083"/>
          <testcase name="testOgDescriptionLength with data set &quot;pdf-grid&quot;" file="/home/user/PDF-Viewer/theme/wp-theme/pdfviewer-theme/tests/Unit/SocialMetaTest.php" line="113" class="PDFViewer\Tests\Unit\SocialMetaTest" classname="PDFViewer.Tests.Unit.SocialMetaTest" assertions="3" time="0.000086"/>
          <testcase name="testOgDescriptionLength with data set &quot;enterprise&quot;" file="/home/user/PDF-Viewer/theme/wp-theme/pdfviewer-theme/tests/Unit/SocialMetaTest.php" line="113" class="PDFViewer\Tests\Unit\SocialMetaTest" classname="PDFViewer.Tests.Unit.SocialMetaTest" assertions="3" time="0.000083"/>
        </testsuite>
        <testsuite name="PDFViewer\Tests\Unit\SocialMetaTest::testOgImageIsValidUrl" tests="12" assertions="36" errors="0" failures="0" skipped="0" time="0.001441">
          <testcase name="testOgImageIsValidUrl with data set &quot;homepage&quot;" file="/home/user/PDF-Viewer/theme/wp-theme/pdfviewer-theme/tests/Unit/SocialMetaTest.php" line="129" class="PDFViewer\Tests\Unit\SocialMetaTest" classname="PDFViewer.Tests.Unit.SocialMetaTest" assertions="3" time="0.000471"/>
          <testcase name="testOgImageIsValidUrl with data set &quot;documentation&quot;" file="/home/user/PDF-Viewer/theme/wp-theme/pdfviewer-theme/tests/Unit/SocialMetaTest.php" line="129" class="PDFViewer\Tests\Unit\SocialMetaTest" classname="PDFViewer.Tests.Unit.SocialMetaTest" assertions="3" time="0.000098"/>
          <testcase name="testOgImageIsValidUrl with data set &quot;examples&quot;" file="/home/user/PDF-Viewer/theme/wp-theme/pdfviewer-theme/tests/Unit/SocialMetaTest.php" line="129" class="PDFViewer\Tests\Unit\SocialMetaTest" classname="PDFViewer.Tests.Unit.SocialMetaTest" assertions="3" time="0.000087"/>
          <testcase name="testOgImageIsValidUrl with data set &quot;pro&quot;" file="/home/user/PDF-Viewer/theme/wp-theme/pdfviewer-theme/tests/Unit/SocialMetaTest.php" line="129" class="PDFViewer\Tests\Unit\SocialMetaTest" classname="PDFViewer.Tests.Unit.SocialMetaTest" assertions="3" time="0.000081"/>
          <testcase name="testOgImageIsValidUrl with data set &quot;changelog&quot;" file="/home/user/PDF-Viewer/theme/wp-theme/pdfviewer-theme/tests/Unit/SocialMetaTest.php" line="129" class="PDFViewer\Tests\Unit\SocialMetaTest" classname="PDFViewer.Tests.Unit.SocialMetaTest" assertions="3" time="0.000085"/>
          <testcase name="testOgImageIsValidUrl with data set &quot;cart&quot;" file="/home/user/PDF-Viewer/theme/wp-theme/pdfviewer-theme/tests/Unit/SocialMetaTest.php" line="129" class="PDFViewer\Tests\Unit\SocialMetaTest" classname="PDFViewer.Tests.Unit.SocialMetaTest" assertions="3" time="0.000115"/>
          <testcase name="testOgImageIsValidUrl with data set &quot;wordpress-pdf&quot;" file="/home/user/PDF-Viewer/theme/wp-theme/pdfviewer-theme/tests/Unit/SocialMetaTest.php" line="129" class="PDFViewer\Tests\Unit\SocialMetaTest" classname="PDFViewer.Tests.Unit.SocialMetaTest" assertions="3" time="0.000095"/>
          <testcase name="testOgImageIsValidUrl with data set &quot;drupal-pdf&quot;" file="/home/user/PDF-Viewer/theme/wp-theme/pdfviewer-theme/tests/Unit/SocialMetaTest.php" line="129" class="PDFViewer\Tests\Unit\SocialMetaTest" classname="PDFViewer.Tests.Unit.SocialMetaTest" assertions="3" time="0.000084"/>
          <testcase name="testOgImageIsValidUrl with data set &quot;compare&quot;" file="/home/user/PDF-Viewer/theme/wp-theme/pdfviewer-theme/tests/Unit/SocialMetaTest.php" line="129" class="PDFViewer\Tests\Unit\SocialMetaTest" classname="PDFViewer.Tests.Unit.SocialMetaTest" assertions="3" time="0.000082"/>
          <testcase name="testOgImageIsValidUrl with data set &quot;nextjs-pdf&quot;" file="/home/user/PDF-Viewer/theme/wp-theme/pdfviewer-theme/tests/Unit/SocialMetaTest.php" line="129" class="PDFViewer\Tests\Unit\SocialMetaTest" classname="PDFViewer.Tests.Unit.SocialMetaTest" assertions="3" time="0.000081"/>
          <testcase name="testOgImageIsValidUrl with data set &quot;pdf-grid&quot;" file="/home/user/PDF-Viewer/theme/wp-theme/pdfviewer-theme/tests/Unit/SocialMetaTest.php" line="129" class="PDFViewer\Tests\Unit\SocialMetaTest" classname="PDFViewer.Tests.Unit.SocialMetaTest" assertions="3" time="0.000080"/>
          <testcase name="testOgImageIsValidUrl with data set &quot;enterprise&quot;" file="/home/user/PDF-Viewer/theme/wp-theme/pdfviewer-theme/tests/Unit/SocialMetaTest.php" line="129" class="PDFViewer\Tests\Unit\SocialMetaTest" classname="PDFViewer.Tests.Unit.SocialMetaTest" assertions="3" time="0.000082"/>
        </testsuite>
        <testsuite name="PDFViewer\Tests\Unit\SocialMetaTest::testCanonicalUsesVanityDomain" tests="12" assertions="34" errors="0" failures="0" skipped="0" time="0.001293">
          <testcase name="testCanonicalUsesVanityDomain with data set &quot;homepage&quot;" file="/home/user/PDF-Viewer/theme/wp-theme/pdfviewer-theme/tests/Unit/SocialMetaTest.php" line="144" class="PDFViewer\Tests\Unit\SocialMetaTest" classname="PDFViewer.Tests.Unit.SocialMetaTest" assertions="3" time="0.000118"/>
          <testcase name="testCanonicalUsesVanityDomain with data set &quot;documentation&quot;" file="/home/user/PDF-Viewer/theme/wp-theme/pdfviewer-theme/tests/Unit/SocialMetaTest.php" line="144" class="PDFViewer\Tests\Unit\SocialMetaTest" classname="PDFViewer.Tests.Unit.SocialMetaTest" assertions="3" time="0.000106"/>
          <testcase name="testCanonicalUsesVanityDomain with data set &quot;examples&quot;" file="/home/user/PDF-Viewer/theme/wp-theme/pdfviewer-theme/tests/Unit/SocialMetaTest.php" line="144" class="PDFViewer\Tests\Unit\SocialMetaTest" classname="PDFViewer.Tests.Unit.SocialMetaTest" assertions="3" time="0.000113"/>
          <testcase name="testCanonicalUsesVanityDomain with data set &quot;pro&quot;" file="/home/user/PDF-Viewer/theme/wp-theme/pdfviewer-theme/tests/Unit/SocialMetaTest.php" line="144" class="PDFViewer\Tests\Unit\SocialMetaTest" classname="PDFViewer.Tests.Unit.SocialMetaTest" assertions="3" time="0.000113"/>
          <testcase name="testCanonicalUsesVanityDomain with data set &quot;changelog&quot;" file="/home/user/PDF-Viewer/theme/wp-theme/pdfviewer-theme/tests/Unit/SocialMetaTest.php" line="144" class="PDFViewer\Tests\Unit\SocialMetaTest" classname="PDFViewer.Tests.Unit.SocialMetaTest" assertions="3" time="0.000103"/>
          <testcase name="testCanonicalUsesVanityDomain with data set &quot;cart&quot;" file="/home/user/PDF-Viewer/theme/wp-theme/pdfviewer-theme/tests/Unit/SocialMetaTest.php" line="144" class="PDFViewer\Tests\Unit\SocialMetaTest" classname="PDFViewer.Tests.Unit.SocialMetaTest" assertions="1" time="0.000086"/>
          <testcase name="testCanonicalUsesVanityDomain with data set &quot;wordpress-pdf&quot;" file="/home/user/PDF-Viewer/theme/wp-theme/pdfviewer-theme/tests/Unit/SocialMetaTest.php" line="144" class="PDFViewer\Tests\Unit\SocialMetaTest" classname="PDFViewer.Tests.Unit.SocialMetaTest" assertions="3" time="0.000104"/>
          <testcase name="testCanonicalUsesVanityDomain with data set &quot;drupal-pdf&quot;" file="/home/user/PDF-Viewer/theme/wp-theme/pdfviewer-theme/tests/Unit/SocialMetaTest.php" line="144" class="PDFViewer\Tests\Unit\SocialMetaTest" classname="PDFViewer.Tests.Unit.SocialMetaTest" assertions="3" time="0.000099"/>
          <testcase name="testCanonicalUsesVanityDomain with data set &quot;compare&quot;" file="/home/user/PDF-Viewer/theme/wp-theme/pdfviewer-theme/tests/Unit/SocialMetaTest.php" line="144" class="PDFViewer\Tests\Unit\SocialMetaTest" classname="PDFViewer.Tests.Unit.SocialMetaTest" assertions="3" time="0.000102"/>
          <testcase name="testCanonicalUsesVanityDomain with data set &quot;nextjs-pdf&quot;" file="/home/user/PDF-Viewer/theme/wp-theme/pdfviewer-theme/tests/Unit/SocialMetaTest.php" line="144" class="PDFViewer\Tests\Unit\SocialMetaTest" classname="PDFViewer.Tests.Unit.SocialMetaTest" assertions="3" time="0.000129"/>
          <testcase name="testCanonicalUsesVanityDomain with data set &quot;pdf-grid&quot;" file="/home/user/PDF-Viewer/theme/wp-theme/pdfviewer-theme/tests/Unit/SocialMetaTest.php" line="144" class="PDFViewer\Tests\Unit\SocialMetaTest" classname="PDFViewer.Tests.Unit.SocialMetaTest" assertions="3" time="0.000109"/>
          <testcase name="testCanonicalUsesVanityDomain with data set &quot;enterprise&quot;" file="/home/user/PDF-Viewer/theme/wp-theme/pdfviewer-theme/tests/Unit/SocialMetaTest.php" line="144" class="PDFViewer\Tests\Unit\SocialMetaTest" classname="PDFViewer.Tests.Unit.SocialMetaTest" assertions="3" time="0.000111"/>
        </testsuite>
        <testsuite name="PDFViewer\Tests\Unit\SocialMetaTest::testSeoTitleLength" tests="12" assertions="36" errors="0" failures="0" skipped="0" time="0.001078">
          <testcase name="testSeoTitleLength with data set &quot;homepage&quot;" file="/home/user/PDF-Viewer/theme/wp-theme/pdfviewer-theme/tests/Unit/SocialMetaTest.php" line="178" class="PDFViewer\Tests\Unit\SocialMetaTest" classname="PDFViewer.Tests.Unit.SocialMetaTest" assertions="3" time="0.000101"/>
          <testcase name="testSeoTitleLength with data set &quot;documentation&quot;" file="/home/user/PDF-Viewer/theme/wp-theme/pdfviewer-theme/tests/Unit/SocialMetaTest.php" line="178" class="PDFViewer\Tests\Unit\SocialMetaTest" classname="PDFViewer.Tests.Unit.SocialMetaTest" assertions="3" time="0.000084"/>
          <testcase name="testSeoTitleLength with data set &quot;examples&quot;" file="/home/user/PDF-Viewer/theme/wp-theme/pdfviewer-theme/tests/Unit/SocialMetaTest.php" line="178" class="PDFViewer\Tests\Unit\SocialMetaTest" classname="PDFViewer.Tests.Unit.SocialMetaTest" assertions="3" time="0.000085"/>
          <testcase name="testSeoTitleLength with data set &quot;pro&quot;" file="/home/user/PDF-Viewer/theme/wp-theme/pdfviewer-theme/tests/Unit/SocialMetaTest.php" line="178" class="PDFViewer\Tests\Unit\SocialMetaTest" classname="PDFViewer.Tests.Unit.SocialMetaTest" assertions="3" time="0.000082"/>
          <testcase name="testSeoTitleLength with data set &quot;changelog&quot;" file="/home/user/PDF-Viewer/theme/wp-theme/pdfviewer-theme/tests/Unit/SocialMetaTest.php" line="178" class="PDFViewer\Tests\Unit\SocialMetaTest" classname="PDFViewer.Tests.Unit.SocialMetaTest" assertions="3" time="0.000083"/>
          <testcase name="testSeoTitleLength with data set &quot;cart&quot;" file="/home/user/PDF-Viewer/theme/wp-theme/pdfviewer-theme/tests/Unit/SocialMetaTest.php" line="178" class="PDFViewer\Tests\Unit\SocialMetaTest" classname="PDFViewer.Tests.Unit.SocialMetaTest" assertions="3" time="0.000113"/>
          <testcase name="testSeoTitleLength with data set &quot;wordpress-pdf&quot;" file="/home/user/PDF-Viewer/theme/wp-theme/pdfviewer-theme/tests/Unit/SocialMetaTest.php" line="178" class="PDFViewer\Tests\Unit\SocialMetaTest" classname="PDFViewer.Tests.Unit.SocialMetaTest" assertions="3" time="0.000103"/>
          <testcase name="testSeoTitleLength with data set &quot;drupal-pdf&quot;" file="/home/user/PDF-Viewer/theme/wp-theme/pdfviewer-theme/tests/Unit/SocialMetaTest.php" line="178" class="PDFViewer\Tests\Unit\SocialMetaTest" classname="PDFViewer.Tests.Unit.SocialMetaTest" assertions="3" time="0.000097"/>
          <testcase name="testSeoTitleLength with data set &quot;compare&quot;" file="/home/user/PDF-Viewer/theme/wp-theme/pdfviewer-theme/tests/Unit/SocialMetaTest.php" line="178" class="PDFViewer\Tests\Unit\SocialMetaTest" classname="PDFViewer.Tests.Unit.SocialMetaTest" assertions="3" time="0.000083"/>
          <testcase name="testSeoTitleLength with data set &quot;nextjs-pdf&quot;" file="/home/user/PDF-Viewer/theme/wp-theme/pdfviewer-theme/tests/Unit/SocialMetaTest.php" line="178" class="PDFViewer\Tests\Unit\SocialMetaTest" classname="PDFViewer.Tests.Unit.SocialMetaTest" assertions="3" time="0.000082"/>
          <testcase name="testSeoTitleLength with data set &quot;pdf-grid&quot;" file="/home/user/PDF-Viewer/theme/wp-theme/pdfviewer-theme/tests/Unit/SocialMetaTest.php" line="178" class="PDFViewer\Tests\Unit\SocialMetaTest" classname="PDFViewer.Tests.Unit.SocialMetaTest" assertions="3" time="0.000084"/>
          <testcase name="testSeoTitleLength with data set &quot;enterprise&quot;" file="/home/user/PDF-Viewer/theme/wp-theme/pdfviewer-theme/tests/Unit/SocialMetaTest.php" line="178" class="PDFViewer\Tests\Unit\SocialMetaTest" classname="PDFViewer.Tests.Unit.SocialMetaTest" assertions="3" time="0.000081"/>
        </testsuite>
        <testsuite name="PDFViewer\Tests\Unit\SocialMetaTest::testMetaDescriptionLength" tests="12" assertions="36" errors="0" failures="0" skipped="0" time="0.001109">
          <testcase name="testMetaDescriptionLength with data set &quot;homepage&quot;" file="/home/user/PDF-Viewer/theme/wp-theme/pdfviewer-theme/tests/Unit/SocialMetaTest.php" line="195" class="PDFViewer\Tests\Unit\SocialMetaTest" classname="PDFViewer.Tests.Unit.SocialMetaTest" assertions="3" time="0.000089"/>
          <testcase name="testMetaDescriptionLength with data set &quot;documentation&quot;" file="/home/user/PDF-Viewer/theme/wp-theme/pdfviewer-theme/tests/Unit/SocialMetaTest.php" line="195" class="PDFViewer\Tests\Unit\SocialMetaTest" classname="PDFViewer.Tests.Unit.SocialMetaTest" assertions="3" time="0.000114"/>
          <testcase name="testMetaDescriptionLength with data set &quot;examples&quot;" file="/home/user/PDF-Viewer/theme/wp-theme/pdfviewer-theme/tests/Unit/SocialMetaTest.php" line="195" class="PDFViewer\Tests\Unit\SocialMetaTest" classname="PDFViewer.Tests.Unit.SocialMetaTest" assertions="3" time="0.000096"/>
          <testcase name="testMetaDescriptionLength with data set &quot;pro&quot;" file="/home/user/PDF-Viewer/theme/wp-theme/pdfviewer-theme/tests/Unit/SocialMetaTest.php" line="195" class="PDFViewer\Tests\Unit\SocialMetaTest" classname="PDFViewer.Tests.Unit.SocialMetaTest" assertions="3" time="0.000085"/>
          <testcase name="testMetaDescriptionLength with data set &quot;changelog&quot;" file="/home/user/PDF-Viewer/theme/wp-theme/pdfviewer-theme/tests/Unit/SocialMetaTest.php" line="195" class="PDFViewer\Tests\Unit\SocialMetaTest" classname="PDFViewer.Tests.Unit.SocialMetaTest" assertions="3" time="0.000089"/>
          <testcase name="testMetaDescriptionLength with data set &quot;cart&quot;" file="/home/user/PDF-Viewer/theme/wp-theme/pdfviewer-theme/tests/Unit/SocialMetaTest.php" line="195" class="PDFViewer\Tests\Unit\SocialMetaTest" classname="PDFViewer.Tests.Unit.SocialMetaTest" assertions="3" time="0.000083"/>
          <testcase name="testMetaDescriptionLength with data set &quot;wordpress-pdf&quot;" file="/home/user/PDF-Viewer/theme/wp-theme/pdfviewer-theme/tests/Unit/SocialMetaTest.php" line="195" class="PDFViewer\Tests\Unit\SocialMetaTest" classname="PDFViewer.Tests.Unit.SocialMetaTest" assertions="3" time="0.000086"/>
          <testcase name="testMetaDescriptionLength with data set &quot;drupal-pdf&quot;" file="/home/user/PDF-Viewer/theme/wp-theme/pdfviewer-theme/tests/Unit/SocialMetaTest.php" line="195" class="PDFViewer\Tests\Unit\SocialMetaTest" classname="PDFViewer.Tests.Unit.SocialMetaTest" assertions="3" time="0.000082"/>
          <testcase name="testMetaDescriptionLength with data set &quot;compare&quot;" file="/home/user/PDF-Viewer/theme/wp-theme/pdfviewer-theme/tests/Unit/SocialMetaTest.php" line="195" class="PDFViewer\Tests\Unit\SocialMetaTest" classname="PDFViewer.Tests.Unit.SocialMetaTest" assertions="3" time="0.000084"/>
          <testcase name="testMetaDescriptionLength with data set &quot;nextjs-pdf&quot;" file="/home/user/PDF-Viewer/theme/wp-theme/pdfviewer-theme/tests/Unit/SocialMetaTest.php" line="195" class="PDFViewer\Tests\Unit\SocialMetaTest" classname="PDFViewer.Tests.Unit.SocialMetaTest" assertions="3" time="0.000086"/>
          <testcase name="testMetaDescriptionLength with data set &quot;pdf-grid&quot;" file="/home/user/PDF-Viewer/theme/wp-theme/pdfviewer-theme/tests/Unit/SocialMetaTest.php" line="195" class="PDFViewer\Tests\Unit\SocialMetaTest" classname="PDFViewer.Tests.Unit.SocialMetaTest" assertions="3" time="0.000117"/>
          <testcase name="testMetaDescriptionLength with data set &quot;enterprise&quot;" file="/home/user/PDF-Viewer/theme/wp-theme/pdfviewer-theme/tests/Unit/SocialMetaTest.php" line="195" class="PDFViewer\Tests\Unit\SocialMetaTest" classname="PDFViewer.Tests.Unit.SocialMetaTest" assertions="3" time="0.000098"/>
        </testsuite>
        <testsuite name="PDFViewer\Tests\Unit\SocialMetaTest::testTwitterTitleLength" tests="12" assertions="36" errors="0" failures="0" skipped="0" time="0.001084">
          <testcase name="testTwitterTitleLength with data set &quot;homepage&quot;" file="/home/user/PDF-Viewer/theme/wp-theme/pdfviewer-theme/tests/Unit/SocialMetaTest.php" line="211" class="PDFViewer\Tests\Unit\SocialMetaTest" classname="PDFViewer.Tests.Unit.SocialMetaTest" assertions="3" time="0.000096"/>
          <testcase name="testTwitterTitleLength with data set &quot;documentation&quot;" file="/home/user/PDF-Viewer/theme/wp-theme/pdfviewer-theme/tests/Unit/SocialMetaTest.php" line="211" class="PDFViewer\Tests\Unit\SocialMetaTest" classname="PDFViewer.Tests.Unit.SocialMetaTest" assertions="3" time="0.000089"/>
          <testcase name="testTwitterTitleLength with data set &quot;examples&quot;" file="/home/user/PDF-Viewer/theme/wp-theme/pdfviewer-theme/tests/Unit/SocialMetaTest.php" line="211" class="PDFViewer\Tests\Unit\SocialMetaTest" classname="PDFViewer.Tests.Unit.SocialMetaTest" assertions="3" time="0.000083"/>
          <testcase name="testTwitterTitleLength with data set &quot;pro&quot;" file="/home/user/PDF-Viewer/theme/wp-theme/pdfviewer-theme/tests/Unit/SocialMetaTest.php" line="211" class="PDFViewer\Tests\Unit\SocialMetaTest" classname="PDFViewer.Tests.Unit.SocialMetaTest" assertions="3" time="0.000086"/>
          <testcase name="testTwitterTitleLength with data set &quot;changelog&quot;" file="/home/user/PDF-Viewer/theme/wp-theme/pdfviewer-theme/tests/Unit/SocialMetaTest.php" line="211" class="PDFViewer\Tests\Unit\SocialMetaTest" classname="PDFViewer.Tests.Unit.SocialMetaTest" assertions="3" time="0.000084"/>
          <testcase name="testTwitterTitleLength with data set &quot;cart&quot;" file="/home/user/PDF-Viewer/theme/wp-theme/pdfviewer-theme/tests/Unit/SocialMetaTest.php" line="211" class="PDFViewer\Tests\Unit\SocialMetaTest" classname="PDFViewer.Tests.Unit.SocialMetaTest" assertions="3" time="0.000085"/>
          <testcase name="testTwitterTitleLength with data set &quot;wordpress-pdf&quot;" file="/home/user/PDF-Viewer/theme/wp-theme/pdfviewer-theme/tests/Unit/SocialMetaTest.php" line="211" class="PDFViewer\Tests\Unit\SocialMetaTest" classname="PDFViewer.Tests.Unit.SocialMetaTest" assertions="3" time="0.000086"/>
          <testcase name="testTwitterTitleLength with data set &quot;drupal-pdf&quot;" file="/home/user/PDF-Viewer/theme/wp-theme/pdfviewer-theme/tests/Unit/SocialMetaTest.php" line="211" class="PDFViewer\Tests\Unit\SocialMetaTest" classname="PDFViewer.Tests.Unit.SocialMetaTest" assertions="3" time="0.000123"/>
          <testcase name="testTwitterTitleLength with data set &quot;compare&quot;" file="/home/user/PDF-Viewer/theme/wp-theme/pdfviewer-theme/tests/Unit/SocialMetaTest.php" line="211" class="PDFViewer\Tests\Unit\SocialMetaTest" classname="PDFViewer.Tests.Unit.SocialMetaTest" assertions="3" time="0.000091"/>
          <testcase name="testTwitterTitleLength with data set &quot;nextjs-pdf&quot;" file="/home/user/PDF-Viewer/theme/wp-theme/pdfviewer-theme/tests/Unit/SocialMetaTest.php" line="211" class="PDFViewer\Tests\Unit\SocialMetaTest" classname="PDFViewer.Tests.Unit.SocialMetaTest" assertions="3" time="0.000091"/>
          <testcase name="testTwitterTitleLength with data set &quot;pdf-grid&quot;" file="/home/user/PDF-Viewer/theme/wp-theme/pdfviewer-theme/tests/Unit/SocialMetaTest.php" line="211" class="PDFViewer\Tests\Unit\SocialMetaTest" classname="PDFViewer.Tests.Unit.SocialMetaTest" assertions="3" time="0.000088"/>
          <testcase name="testTwitterTitleLength with data set &quot;enterprise&quot;" file="/home/user/PDF-Viewer/theme/wp-theme/pdfviewer-theme/tests/Unit/SocialMetaTest.php" line="211" class="PDFViewer\Tests\Unit\SocialMetaTest" classname="PDFViewer.Tests.Unit.SocialMetaTest" assertions="3" time="0.000082"/>
        </testsuite>
        <testsuite name="PDFViewer\Tests\Unit\SocialMetaTest::testNoOldDomainInMetaFields" tests="12" assertions="72" errors="0" failures="0" skipped="0" time="0.001553">
          <testcase name="testNoOldDomainInMetaFields with data set &quot;homepage&quot;" file="/home/user/PDF-Viewer/theme/wp-theme/pdfviewer-theme/tests/Unit/SocialMetaTest.php" line="227" class="PDFViewer\Tests\Unit\SocialMetaTest" classname="PDFViewer.Tests.Unit.SocialMetaTest" assertions="6" time="0.000129"/>
          <testcase name="testNoOldDomainInMetaFields with data set &quot;documentation&quot;" file="/home/user/PDF-Viewer/theme/wp-theme/pdfviewer-theme/tests/Unit/SocialMetaTest.php" line="227" class="PDFViewer\Tests\Unit\SocialMetaTest" classname="PDFViewer.Tests.Unit.SocialMetaTest" assertions="6" time="0.000117"/>
          <testcase name="testNoOldDomainInMetaFields with data set &quot;examples&quot;" file="/home/user/PDF-Viewer/theme/wp-theme/pdfviewer-theme/tests/Unit/SocialMetaTest.php" line="227" class="PDFViewer\Tests\Unit\SocialMetaTest" classname="PDFViewer.Tests.Unit.SocialMetaTest" assertions="6" time="0.000181"/>
          <testcase name="testNoOldDomainInMetaFields with data set &quot;pro&quot;" file="/home/user/PDF-Viewer/theme/wp-theme/pdfviewer-theme/tests/Unit/SocialMetaTest.php" line="227" class="PDFViewer\Tests\Unit\SocialMetaTest" classname="PDFViewer.Tests.Unit.SocialMetaTest" assertions="6" time="0.000131"/>
          <testcase name="testNoOldDomainInMetaFields with data set &quot;changelog&quot;" file="/home/user/PDF-Viewer/theme/wp-theme/pdfviewer-theme/tests/Unit/SocialMetaTest.php" line="227" class="PDFViewer\Tests\Unit\SocialMetaTest" classname="PDFViewer.Tests.Unit.SocialMetaTest" assertions="6" time="0.000125"/>
          <testcase name="testNoOldDomainInMetaFields with data set &quot;cart&quot;" file="/home/user/PDF-Viewer/theme/wp-theme/pdfviewer-theme/tests/Unit/SocialMetaTest.php" line="227" class="PDFViewer\Tests\Unit\SocialMetaTest" classname="PDFViewer.Tests.Unit.SocialMetaTest" assertions="6" time="0.000119"/>
          <testcase name="testNoOldDomainInMetaFields with data set &quot;wordpress-pdf&quot;" file="/home/user/PDF-Viewer/theme/wp-theme/pdfviewer-theme/tests/Unit/SocialMetaTest.php" line="227" class="PDFViewer\Tests\Unit\SocialMetaTest" classname="PDFViewer.Tests.Unit.SocialMetaTest" assertions="6" time="0.000116"/>
          <testcase name="testNoOldDomainInMetaFields with data set &quot;drupal-pdf&quot;" file="/home/user/PDF-Viewer/theme/wp-theme/pdfviewer-theme/tests/Unit/SocialMetaTest.php" line="227" class="PDFViewer\Tests\Unit\SocialMetaTest" classname="PDFViewer.Tests.Unit.SocialMetaTest" assertions="6" time="0.000119"/>
          <testcase name="testNoOldDomainInMetaFields with data set &quot;compare&quot;" file="/home/user/PDF-Viewer/theme/wp-theme/pdfviewer-theme/tests/Unit/SocialMetaTest.php" line="227" class="PDFViewer\Tests\Unit\SocialMetaTest" classname="PDFViewer.Tests.Unit.SocialMetaTest" assertions="6" time="0.000114"/>
          <testcase name="testNoOldDomainInMetaFields with data set &quot;nextjs-pdf&quot;" file="/home/user/PDF-Viewer/theme/wp-theme/pdfviewer-theme/tests/Unit/SocialMetaTest.php" line="227" class="PDFViewer\Tests\Unit\SocialMetaTest" classname="PDFViewer.Tests.Unit.SocialMetaTest" assertions="6" time="0.000162"/>
          <testcase name="testNoOldDomainInMetaFields with data set &quot;pdf-grid&quot;" file="/home/user/PDF-Viewer/theme/wp-theme/pdfviewer-theme/tests/Unit/SocialMetaTest.php" line="227" class="PDFViewer\Tests\Unit\SocialMetaTest" classname="PDFViewer.Tests.Unit.SocialMetaTest" assertions="6" time="0.000123"/>
          <testcase name="testNoOldDomainInMetaFields with data set &quot;enterprise&quot;" file="/home/user/PDF-Viewer/theme/wp-theme/pdfviewer-theme/tests/Unit/SocialMetaTest.php" line="227" class="PDFViewer\Tests\Unit\SocialMetaTest" classname="PDFViewer.Tests.Unit.SocialMetaTest" assertions="6" time="0.000117"/>
        </testsuite>
        <testcase name="testArticleAuthorMetaOutputsBothTags" file="/home/user/PDF-Viewer/theme/wp-theme/pdfviewer-theme/tests/Unit/SocialMetaTest.php" line="247" class="PDFViewer\Tests\Unit\SocialMetaTest" classname="PDFViewer.Tests.Unit.SocialMetaTest" assertions="4" time="0.000091"/>
        <testcase name="testCanonicalRewriteFunction" file="/home/user/PDF-Viewer/theme/wp-theme/pdfviewer-theme/tests/Unit/SocialMetaTest.php" line="286" class="PDFViewer\Tests\Unit\SocialMetaTest" classname="PDFViewer.Tests.Unit.SocialMetaTest" assertions="1" time="0.000071"/>
        <testcase name="testCanonicalRewriteHandlesEmptyString" file="/home/user/PDF-Viewer/theme/wp-theme/pdfviewer-theme/tests/Unit/SocialMetaTest.php" line="296" class="PDFViewer\Tests\Unit\SocialMetaTest" classname="PDFViewer.Tests.Unit.SocialMetaTest" assertions="1" time="0.000057"/>
        <testcase name="testOgUrlRewriteFunction" file="/home/user/PDF-Viewer/theme/wp-theme/pdfviewer-theme/tests/Unit/SocialMetaTest.php" line="301" class="PDFViewer\Tests\Unit\SocialMetaTest" classname="PDFViewer.Tests.Unit.SocialMetaTest" assertions="1" time="0.000057"/>
        <testcase name="testHeadBufferRewritesCanonical" file="/home/user/PDF-Viewer/theme/wp-theme/pdfviewer-theme/tests/Unit/SocialMetaTest.php" line="314" class="PDFViewer\Tests\Unit\SocialMetaTest" classname="PDFViewer.Tests.Unit.SocialMetaTest" assertions="2" time="0.000143"/>
        <testcase name="testHeadBufferRewritesOgUrl" file="/home/user/PDF-Viewer/theme/wp-theme/pdfviewer-theme/tests/Unit/SocialMetaTest.php" line="334" class="PDFViewer\Tests\Unit\SocialMetaTest" classname="PDFViewer.Tests.Unit.SocialMetaTest" assertions="2" time="0.000141"/>
        <testcase name="testFallbackOutputsArticleType" file="/home/user/PDF-Viewer/theme/wp-theme/pdfviewer-theme/tests/Unit/SocialMetaTest.php" line="355" class="PDFViewer\Tests\Unit\SocialMetaTest" classname="PDFViewer.Tests.Unit.SocialMetaTest" assertions="3" time="0.000102"/>
        <testcase name="testFallbackOutputsVanityCanonical" file="/home/user/PDF-Viewer/theme/wp-theme/pdfviewer-theme/tests/Unit/SocialMetaTest.php" line="384" class="PDFViewer\Tests\Unit\SocialMetaTest" classname="PDFViewer.Tests.Unit.SocialMetaTest" assertions="2" time="0.000089"/>
        <testcase name="testFallbackOutputsVanityOgUrl" file="/home/user/PDF-Viewer/theme/wp-theme/pdfviewer-theme/tests/Unit/SocialMetaTest.php" line="406" class="PDFViewer\Tests\Unit\SocialMetaTest" classname="PDFViewer.Tests.Unit.SocialMetaTest" assertions="1" time="0.000365"/>
        <testsuite name="PDFViewer\Tests\Unit\SocialMetaTest::testTemplateHasNoHardcodedOldDomain" tests="9" assertions="9" errors="0" failures="0" skipped="0" time="0.082361">
          <testcase name="testTemplateHasNoHardcodedOldDomain with data set &quot;header.php&quot;" file="/home/user/PDF-Viewer/theme/wp-theme/pdfviewer-theme/tests/Unit/SocialMetaTest.php" line="445" class="PDFViewer\Tests\Unit\SocialMetaTest" classname="PDFViewer.Tests.Unit.SocialMetaTest" assertions="1" time="0.000865"/>
          <testcase name="testTemplateHasNoHardcodedOldDomain with data set &quot;footer.php&quot;" file="/home/user/PDF-Viewer/theme/wp-theme/pdfviewer-theme/tests/Unit/SocialMetaTest.php" line="445" class="PDFViewer\Tests\Unit\SocialMetaTest" classname="PDFViewer.Tests.Unit.SocialMetaTest" assertions="1" time="0.000656"/>
          <testcase name="testTemplateHasNoHardcodedOldDomain with data set &quot;front-page.php&quot;" file="/home/user/PDF-Viewer/theme/wp-theme/pdfviewer-theme/tests/Unit/SocialMetaTest.php" line="445" class="PDFViewer\Tests\Unit\SocialMetaTest" classname="PDFViewer.Tests.Unit.SocialMetaTest" assertions="1" time="0.000729"/>
          <testcase name="testTemplateHasNoHardcodedOldDomain with data set &quot;page-examples.php&quot;" file="/home/user/PDF-Viewer/theme/wp-theme/pdfviewer-theme/tests/Unit/SocialMetaTest.php" line="445" class="PDFViewer\Tests\Unit\SocialMetaTest" classname="PDFViewer.Tests.Unit.SocialMetaTest" assertions="1" time="0.000492"/>
          <testcase name="testTemplateHasNoHardcodedOldDomain with data set &quot;page-pdf-grid.php&quot;" file="/home/user/PDF-Viewer/theme/wp-theme/pdfviewer-theme/tests/Unit/SocialMetaTest.php" line="445" class="PDFViewer\Tests\Unit\SocialMetaTest" classname="PDFViewer.Tests.Unit.SocialMetaTest" assertions="1" time="0.000444"/>
          <testcase name="testTemplateHasNoHardcodedOldDomain with data set &quot;page-documentation.php&quot;" file="/home/user/PDF-Viewer/theme/wp-theme/pdfviewer-theme/tests/Unit/SocialMetaTest.php" line="445" class="PDFViewer\Tests\Unit\SocialMetaTest" classname="PDFViewer.Tests.Unit.SocialMetaTest" assertions="1" time="0.076707"/>
          <testcase name="testTemplateHasNoHardcodedOldDomain with data set &quot;page-wordpress-pdf-viewer.php&quot;" file="/home/user/PDF-Viewer/theme/wp-theme/pdfviewer-theme/tests/Unit/SocialMetaTest.php" line="445" class="PDFViewer\Tests\Unit\SocialMetaTest" classname="PDFViewer.Tests.Unit.SocialMetaTest" assertions="1" time="0.001168"/>
          <testcase name="testTemplateHasNoHardcodedOldDomain with data set &quot;page-drupal-pdf-viewer.php&quot;" file="/home/user/PDF-Viewer/theme/wp-theme/pdfviewer-theme/tests/Unit/SocialMetaTest.php" line="445" class="PDFViewer\Tests\Unit\SocialMetaTest" classname="PDFViewer.Tests.Unit.SocialMetaTest" assertions="1" time="0.000537"/>
          <testcase name="testTemplateHasNoHardcodedOldDomain with data set &quot;page-nextjs-pdf-viewer.php&quot;" file="/home/user/PDF-Viewer/theme/wp-theme/pdfviewer-theme/tests/Unit/SocialMetaTest.php" line="445" class="PDFViewer\Tests\Unit\SocialMetaTest" classname="PDFViewer.Tests.Unit.SocialMetaTest" assertions="1" time="0.000763"/>
        </testsuite>
        <testcase name="testOgImageFilesExist" file="/home/user/PDF-Viewer/theme/wp-theme/pdfviewer-theme/tests/Unit/SocialMetaTest.php" line="465" class="PDFViewer\Tests\Unit\SocialMetaTest" classname="PDFViewer.Tests.Unit.SocialMetaTest" assertions="3" time="0.000453"/>
        <testcase name="testScreenshotExists" file="/home/user/PDF-Viewer/theme/wp-theme/pdfviewer-theme/tests/Unit/SocialMetaTest.php" line="482" class="PDFViewer\Tests\Unit\SocialMetaTest" classname="PDFViewer.Tests.Unit.SocialMetaTest" assertions="1" time="0.000072"/>
      </testsuite>
      <testsuite name="PDFViewer\Tests\Unit\TemplateFunctionsTest" file="/home/user/PDF-Viewer/theme/wp-theme/pdfviewer-theme/tests/Unit/TemplateFunctionsTest.php" tests="9" assertions="18" errors="0" failures="0" skipped="0" time="0.000775">
        <testcase name="testCurrentYearReturnsCurrentYear" file="/home/user/PDF-Viewer/theme/wp-theme/pdfviewer-theme/tests/Unit/TemplateFunctionsTest.php" line="99" class="PDFViewer\Tests\Unit\TemplateFunctionsTest" classname="PDFViewer.Tests.Unit.TemplateFunctionsTest" assertions="1" time="0.000161"/>
        <testcase name="testSimplePictureReturnsEmptyForMissingFallback" file="/home/user/PDF-Viewer/theme/wp-theme/pdfviewer-theme/tests/Unit/TemplateFunctionsTest.php" line="110" class="PDFViewer\Tests\Unit\TemplateFunctionsTest" classname="PDFViewer.Tests.Unit.TemplateFunctionsTest" assertions="1" time="0.000083"/>
        <testcase name="testSimplePictureHandlesMissingAlt" file="/home/user/PDF-Viewer/theme/wp-theme/pdfviewer-theme/tests/Unit/TemplateFunctionsTest.php" line="123" class="PDFViewer\Tests\Unit\TemplateFunctionsTest" classname="PDFViewer.Tests.Unit.TemplateFunctionsTest" assertions="2" time="0.000075"/>
        <testcase name="testSimplePictureReturnsValidHtmlWithAllArgs" file="/home/user/PDF-Viewer/theme/wp-theme/pdfviewer-theme/tests/Unit/TemplateFunctionsTest.php" line="138" class="PDFViewer\Tests\Unit\TemplateFunctionsTest" classname="PDFViewer.Tests.Unit.TemplateFunctionsTest" assertions="4" time="0.000081"/>
        <testcase name="testSimplePictureReturnsValidHtml" file="/home/user/PDF-Viewer/theme/wp-theme/pdfviewer-theme/tests/Unit/TemplateFunctionsTest.php" line="157" class="PDFViewer\Tests\Unit\TemplateFunctionsTest" classname="PDFViewer.Tests.Unit.TemplateFunctionsTest" assertions="3" time="0.000073"/>
        <testcase name="testSimplePictureHandlesSrcset" file="/home/user/PDF-Viewer/theme/wp-theme/pdfviewer-theme/tests/Unit/TemplateFunctionsTest.php" line="175" class="PDFViewer\Tests\Unit\TemplateFunctionsTest" classname="PDFViewer.Tests.Unit.TemplateFunctionsTest" assertions="1" time="0.000072"/>
        <testcase name="testGetLogoReturnsPictureElement" file="/home/user/PDF-Viewer/theme/wp-theme/pdfviewer-theme/tests/Unit/TemplateFunctionsTest.php" line="191" class="PDFViewer\Tests\Unit\TemplateFunctionsTest" classname="PDFViewer.Tests.Unit.TemplateFunctionsTest" assertions="2" time="0.000078"/>
        <testcase name="testLogoHasAccessibilityAttributes" file="/home/user/PDF-Viewer/theme/wp-theme/pdfviewer-theme/tests/Unit/TemplateFunctionsTest.php" line="202" class="PDFViewer\Tests\Unit\TemplateFunctionsTest" classname="PDFViewer.Tests.Unit.TemplateFunctionsTest" assertions="1" time="0.000074"/>
        <testcase name="testSkipLinkOutputsCorrectHtml" file="/home/user/PDF-Viewer/theme/wp-theme/pdfviewer-theme/tests/Unit/TemplateFunctionsTest.php" line="212" class="PDFViewer\Tests\Unit\TemplateFunctionsTest" classname="PDFViewer.Tests.Unit.TemplateFunctionsTest" assertions="3" time="0.000077"/>
      </testsuite>
    </testsuite>
  </testsuite>
</testsuites>
